<?xml version="1.0" encoding="UTF-8"?>
<testsuite xmlns:xsi="http://www.w3.org/2001/XMLSchema-instance" xsi:noNamespaceSchemaLocation="https://maven.apache.org/surefire/maven-surefire-plugin/xsd/surefire-test-report-3.0.xsd" version="3.0" name="com.luxiaobu.playlinux.PlayLinuxApplicationTests" time="2.796" tests="1" errors="0" skipped="0" failures="0">
  <properties>
[...]
</properties>
  <testcase name="contextLoads" classname="com.luxiaobu.playlinux.PlayLinuxApplicationTests" time="0.921">
    <system-out><![CDATA[18:56:44.088 [main] INFO org.springframework.test.context.support.AnnotationConfigContextLoaderUtils -- Could not detect default configuration classes for test class [com.luxiaobu.playlinux.PlayLinuxApplicationTests]: PlayLinuxApplicationTests does not declare any static, non-private, non-final, nested classes annotated with @Configuration.
18:56:44.181 [main] INFO org.springframework.boot.test.context.SpringBootTestContextBootstrapper -- Found @SpringBootConfiguration com.luxiaobu.playlinux.PlayLinuxApplication for test class com.luxiaobu.playlinux.PlayLinuxApplicationTests

  .   ____          _            __ _ _
 /\\ / ___'_ __ _ _(_)_ __  __ _ \ \ \ \
( ( )\___ | '_ | '_| | '_ \/ _` | \ \ \ \
 \\/  ___)| |_)| | | | | || (_| |  ) ) ) )
  '  |____| .__|_| |_|_| |_\__, | / / / /
 =========|_|==============|___/=/_/_/_/
 :: Spring Boot ::                (v3.1.2)

2023-08-15T18:56:44.641+08:00  INFO 27256 --- [           main] c.l.playlinux.PlayLinuxApplicationTests  : Starting PlayLinuxApplicationTests using Java 17.0.6 with PID 27256 (started by lwh11 in D:\LWHPro\Java\play-linux)
2023-08-15T18:56:44.642+08:00  INFO 27256 --- [           main] c.l.playlinux.PlayLinuxApplicationTests  : No active profile set, falling back to 1 default profile: "default"
2023-08-15T18:56:45.792+08:00  INFO 27256 --- [           main] c.l.playlinux.PlayLinuxApplicationTests  : Started PlayLinuxApplicationTests in 1.47 seconds (process running for 2.478)
]]></system-out>
  </testcase>
</testsuite>